<?xml version="1.0" encoding="UTF-8"?>
<testng-results ignored="0" total="4" passed="3" failed="1" skipped="0">
  <reporter-output>
  </reporter-output>
  <suite started-at="2022-10-18T11:40:00 IST" name="Default suite" finished-at="2022-10-18T11:42:43 IST" duration-ms="163609">
    <groups>
      <group name="Chrome">
        <method signature="ECommerceWebApplication.LaunchChrome()[pri:0, instance:ECommerceWebApplication@351d00c0]" name="LaunchChrome" class="ECommerceWebApplication"/>
        <method signature="ECommerceWebApplication.chromeTest()[pri:0, instance:ECommerceWebApplication@351d00c0]" name="chromeTest" class="ECommerceWebApplication"/>
      </group> <!-- Chrome -->
      <group name="Firefox">
        <method signature="ECommerceWebApplication.LaunchFirefox()[pri:0, instance:ECommerceWebApplication@351d00c0]" name="LaunchFirefox" class="ECommerceWebApplication"/>
        <method signature="ECommerceWebApplication.firefoxTest()[pri:0, instance:ECommerceWebApplication@351d00c0]" name="firefoxTest" class="ECommerceWebApplication"/>
      </group> <!-- Firefox -->
    </groups>
    <test started-at="2022-10-18T11:40:00 IST" name="Default test" finished-at="2022-10-18T11:42:43 IST" duration-ms="163609">
      <class name="ECommerceWebApplication">
        <test-method is-config="true" signature="beforeTest()[pri:0, instance:ECommerceWebApplication@351d00c0]" started-at="2022-10-18T11:40:00 IST" name="beforeTest" finished-at="2022-10-18T11:40:00 IST" duration-ms="56" status="PASS">
          <reporter-output>
          </reporter-output>
        </test-method> <!-- beforeTest -->
        <test-method signature="LaunchChrome()[pri:0, instance:ECommerceWebApplication@351d00c0]" started-at="2022-10-18T11:40:00 IST" name="LaunchChrome" finished-at="2022-10-18T11:40:02 IST" duration-ms="2039" status="PASS">
          <reporter-output>
          </reporter-output>
        </test-method> <!-- LaunchChrome -->
        <test-method signature="LaunchFirefox()[pri:0, instance:ECommerceWebApplication@351d00c0]" started-at="2022-10-18T11:40:02 IST" name="LaunchFirefox" finished-at="2022-10-18T11:40:08 IST" duration-ms="6006" status="PASS">
          <reporter-output>
          </reporter-output>
        </test-method> <!-- LaunchFirefox -->
        <test-method signature="chromeTest()[pri:0, instance:ECommerceWebApplication@351d00c0]" started-at="2022-10-18T11:40:08 IST" name="chromeTest" finished-at="2022-10-18T11:42:40 IST" depends-on-methods="ECommerceWebApplication.LaunchChrome" duration-ms="151442" status="PASS">
          <reporter-output>
          </reporter-output>
        </test-method> <!-- chromeTest -->
        <test-method signature="firefoxTest()[pri:0, instance:ECommerceWebApplication@351d00c0]" started-at="2022-10-18T11:42:40 IST" name="firefoxTest" finished-at="2022-10-18T11:42:43 IST" depends-on-methods="ECommerceWebApplication.LaunchFirefox" duration-ms="3725" status="FAIL">
          <exception class="org.openqa.selenium.remote.UnreachableBrowserException">
            <message>
              <![CDATA[Could not start a new session. Possible causes are invalid address of the remote server or browser start-up failure.
Build info: version: '3.14.0', revision: 'aacccce0', time: '2018-08-02T20:13:22.693Z'
System info: host: 'DESKTOP-IFQIPFT', ip: '192.168.111.1', os.name: 'Windows 10', os.arch: 'amd64', os.version: '10.0', java.version: '18.0.1.1'
Driver info: driver.version: FirefoxDriver]]>
            </message>
            <full-stacktrace>
              <![CDATA[org.openqa.selenium.remote.UnreachableBrowserException: Could not start a new session. Possible causes are invalid address of the remote server or browser start-up failure.
Build info: version: '3.14.0', revision: 'aacccce0', time: '2018-08-02T20:13:22.693Z'
System info: host: 'DESKTOP-IFQIPFT', ip: '192.168.111.1', os.name: 'Windows 10', os.arch: 'amd64', os.version: '10.0', java.version: '18.0.1.1'
Driver info: driver.version: FirefoxDriver
at org.openqa.selenium.remote.RemoteWebDriver.execute(RemoteWebDriver.java:569)
at org.openqa.selenium.remote.RemoteWebDriver.startSession(RemoteWebDriver.java:212)
at org.openqa.selenium.remote.RemoteWebDriver.<init>(RemoteWebDriver.java:130)
at org.openqa.selenium.firefox.FirefoxDriver.<init>(FirefoxDriver.java:125)
at org.openqa.selenium.firefox.FirefoxDriver.<init>(FirefoxDriver.java:103)
at ECommerceWebApplication.firefoxTest(ECommerceWebApplication.java:115)
at java.base/jdk.internal.reflect.DirectMethodHandleAccessor.invoke(DirectMethodHandleAccessor.java:104)
at java.base/java.lang.reflect.Method.invoke(Method.java:577)
at org.testng.internal.MethodInvocationHelper.invokeMethod(MethodInvocationHelper.java:133)
at org.testng.internal.TestInvoker.invokeMethod(TestInvoker.java:598)
at org.testng.internal.TestInvoker.invokeTestMethod(TestInvoker.java:173)
at org.testng.internal.MethodRunner.runInSequence(MethodRunner.java:46)
at org.testng.internal.TestInvoker$MethodInvocationAgent.invoke(TestInvoker.java:824)
at org.testng.internal.TestInvoker.invokeTestMethods(TestInvoker.java:146)
at org.testng.internal.TestMethodWorker.invokeTestMethods(TestMethodWorker.java:146)
at org.testng.internal.TestMethodWorker.run(TestMethodWorker.java:128)
at java.base/java.util.ArrayList.forEach(ArrayList.java:1511)
at org.testng.TestRunner.privateRun(TestRunner.java:794)
at org.testng.TestRunner.run(TestRunner.java:596)
at org.testng.SuiteRunner.runTest(SuiteRunner.java:377)
at org.testng.SuiteRunner.runSequentially(SuiteRunner.java:371)
at org.testng.SuiteRunner.privateRun(SuiteRunner.java:332)
at org.testng.SuiteRunner.run(SuiteRunner.java:276)
at org.testng.SuiteRunnerWorker.runSuite(SuiteRunnerWorker.java:53)
at org.testng.SuiteRunnerWorker.run(SuiteRunnerWorker.java:96)
at org.testng.TestNG.runSuitesSequentially(TestNG.java:1212)
at org.testng.TestNG.runSuitesLocally(TestNG.java:1134)
at org.testng.TestNG.runSuites(TestNG.java:1063)
at org.testng.TestNG.run(TestNG.java:1031)
at org.testng.remote.AbstractRemoteTestNG.run(AbstractRemoteTestNG.java:115)
at org.testng.remote.RemoteTestNG.initAndRun(RemoteTestNG.java:251)
at org.testng.remote.RemoteTestNG.main(RemoteTestNG.java:77)
Caused by: java.lang.RuntimeException: java.net.SocketException: Permission denied: no further information
at org.openqa.selenium.net.PortProber.waitForPortUp(PortProber.java:160)
at org.openqa.selenium.firefox.GeckoDriverService.waitUntilAvailable(GeckoDriverService.java:102)
at org.openqa.selenium.remote.service.DriverService.start(DriverService.java:179)
at org.openqa.selenium.remote.service.DriverCommandExecutor.execute(DriverCommandExecutor.java:79)
at org.openqa.selenium.remote.RemoteWebDriver.execute(RemoteWebDriver.java:548)
... 31 more
Caused by: java.net.SocketException: Permission denied: no further information
at java.base/sun.nio.ch.Net.pollConnect(Native Method)
at java.base/sun.nio.ch.Net.pollConnectNow(Net.java:672)
at java.base/sun.nio.ch.NioSocketImpl.timedFinishConnect(NioSocketImpl.java:539)
at java.base/sun.nio.ch.NioSocketImpl.connect(NioSocketImpl.java:594)
at java.base/java.net.SocksSocketImpl.connect(SocksSocketImpl.java:327)
at java.base/java.net.Socket.connect(Socket.java:633)
at org.openqa.selenium.net.PortProber.waitForPortUp(PortProber.java:152)
... 35 more
]]>
            </full-stacktrace>
          </exception> <!-- org.openqa.selenium.remote.UnreachableBrowserException -->
          <reporter-output>
          </reporter-output>
        </test-method> <!-- firefoxTest -->
        <test-method is-config="true" signature="afterTest()[pri:0, instance:ECommerceWebApplication@351d00c0]" started-at="2022-10-18T11:42:43 IST" name="afterTest" finished-at="2022-10-18T11:42:43 IST" duration-ms="1" status="PASS">
          <reporter-output>
          </reporter-output>
        </test-method> <!-- afterTest -->
      </class> <!-- ECommerceWebApplication -->
    </test> <!-- Default test -->
  </suite> <!-- Default suite -->
</testng-results>
